<?xml version="1.0" encoding="UTF-8"?>
<!-- Generated by org.testng.reporters.JUnitXMLReporter -->
<testsuite ignored="2" hostname="URMILA" failures="4" tests="4" name="TestinParallel" time="13.485" errors="0" timestamp="2023-06-21T07:00:50 IST">
  <testcase classname="com.PageObjectModel.Scripts.LoginTest" name="verifySigninInvalidUserInvalidPassword" time="0.0">
    <failure type="java.lang.RuntimeException" message="org.apache.poi.POIXMLException: org.apache.poi.openxml4j.exceptions.InvalidFormatException: Package should contain a content type part [M1.13]">
      <![CDATA[java.lang.RuntimeException: org.apache.poi.POIXMLException: org.apache.poi.openxml4j.exceptions.InvalidFormatException: Package should contain a content type part [M1.13]
at java.base/java.util.concurrent.ThreadPoolExecutor.runWorker(ThreadPoolExecutor.java:1144)
at java.base/java.util.concurrent.ThreadPoolExecutor$Worker.run(ThreadPoolExecutor.java:642)
at java.base/java.lang.Thread.run(Thread.java:1589)
Caused by: org.apache.poi.POIXMLException: org.apache.poi.openxml4j.exceptions.InvalidFormatException: Package should contain a content type part [M1.13]
at org.apache.poi.util.PackageHelper.open(PackageHelper.java:41)
at org.apache.poi.xssf.usermodel.XSSFWorkbook.<init>(XSSFWorkbook.java:204)
at com.PageObjectModel.utilities.ExcelRead.getCellStringData(ExcelRead.java:28)
at com.PageObjectModel.Scripts.LoginTest.invalidUserInvalidPassword(LoginTest.java:79)
... 12 more
Caused by: org.apache.poi.openxml4j.exceptions.InvalidFormatException: Package should contain a content type part [M1.13]
at org.apache.poi.openxml4j.opc.ZipPackage.getPartsImpl(ZipPackage.java:178)
at org.apache.poi.openxml4j.opc.OPCPackage.getParts(OPCPackage.java:662)
at org.apache.poi.openxml4j.opc.OPCPackage.open(OPCPackage.java:269)
at org.apache.poi.util.PackageHelper.open(PackageHelper.java:39)
... 20 more
... Removed 15 stack frames]]>
    </failure>
  </testcase> <!-- verifySigninInvalidUserInvalidPassword -->
  <testcase classname="com.PageObjectModel.Scripts.LoginTest" name="verifySigninValidUserValidPassword" time="0.0">
    <failure type="java.lang.RuntimeException" message="org.apache.poi.POIXMLException: org.apache.poi.openxml4j.exceptions.InvalidFormatException: Package should contain a content type part [M1.13]">
      <![CDATA[java.lang.RuntimeException: org.apache.poi.POIXMLException: org.apache.poi.openxml4j.exceptions.InvalidFormatException: Package should contain a content type part [M1.13]
at java.base/java.util.concurrent.ThreadPoolExecutor.runWorker(ThreadPoolExecutor.java:1144)
at java.base/java.util.concurrent.ThreadPoolExecutor$Worker.run(ThreadPoolExecutor.java:642)
at java.base/java.lang.Thread.run(Thread.java:1589)
Caused by: org.apache.poi.POIXMLException: org.apache.poi.openxml4j.exceptions.InvalidFormatException: Package should contain a content type part [M1.13]
at org.apache.poi.util.PackageHelper.open(PackageHelper.java:41)
at org.apache.poi.xssf.usermodel.XSSFWorkbook.<init>(XSSFWorkbook.java:204)
at com.PageObjectModel.utilities.ExcelRead.getCellStringData(ExcelRead.java:28)
at com.PageObjectModel.Scripts.LoginTest.validUserValidPassword(LoginTest.java:86)
... 12 more
Caused by: org.apache.poi.openxml4j.exceptions.InvalidFormatException: Package should contain a content type part [M1.13]
at org.apache.poi.openxml4j.opc.ZipPackage.getPartsImpl(ZipPackage.java:178)
at org.apache.poi.openxml4j.opc.OPCPackage.getParts(OPCPackage.java:662)
at org.apache.poi.openxml4j.opc.OPCPackage.open(OPCPackage.java:269)
at org.apache.poi.util.PackageHelper.open(PackageHelper.java:39)
... 20 more
... Removed 15 stack frames]]>
    </failure>
  </testcase> <!-- verifySigninValidUserValidPassword -->
  <testcase classname="com.PageObjectModel.Scripts.LoginTest" name="verifySigninValidUserInvalidPassword" time="0.0">
    <failure type="java.lang.RuntimeException" message="java.lang.RuntimeException: java.io.IOException: The handle is invalid">
      <![CDATA[java.lang.RuntimeException: java.lang.RuntimeException: java.io.IOException: The handle is invalid
at java.base/java.util.concurrent.ThreadPoolExecutor.runWorker(ThreadPoolExecutor.java:1144)
at java.base/java.util.concurrent.ThreadPoolExecutor$Worker.run(ThreadPoolExecutor.java:642)
at java.base/java.lang.Thread.run(Thread.java:1589)
Caused by: java.lang.RuntimeException: java.io.IOException: The handle is invalid
at com.PageObjectModel.utilities.ExcelRead.getCellStringData(ExcelRead.java:30)
at com.PageObjectModel.Scripts.LoginTest.validUserInvalidPassword(LoginTest.java:72)
... 12 more
Caused by: java.io.IOException: The handle is invalid
at java.base/java.io.FileInputStream.readBytes(Native Method)
at java.base/java.io.FileInputStream.read(FileInputStream.java:293)
at java.base/java.io.FilterInputStream.read(FilterInputStream.java:119)
at java.base/java.io.PushbackInputStream.read(PushbackInputStream.java:194)
at java.base/java.util.zip.ZipInputStream.readFully(ZipInputStream.java:418)
at java.base/java.util.zip.ZipInputStream.readLOC(ZipInputStream.java:298)
at java.base/java.util.zip.ZipInputStream.getNextEntry(ZipInputStream.java:125)
at org.apache.poi.openxml4j.util.ZipInputStreamZipEntrySource.<init>(ZipInputStreamZipEntrySource.java:51)
at org.apache.poi.openxml4j.opc.ZipPackage.<init>(ZipPackage.java:83)
at org.apache.poi.openxml4j.opc.OPCPackage.open(OPCPackage.java:267)
at org.apache.poi.util.PackageHelper.open(PackageHelper.java:39)
at org.apache.poi.xssf.usermodel.XSSFWorkbook.<init>(XSSFWorkbook.java:204)
at com.PageObjectModel.utilities.ExcelRead.getCellStringData(ExcelRead.java:28)
... 18 more
... Removed 15 stack frames]]>
    </failure>
  </testcase> <!-- verifySigninValidUserInvalidPassword -->
  <testcase classname="com.PageObjectModel.Scripts.LoginTest" name="verifySigninInvalidUserValidPassword" time="0.0">
    <failure type="java.lang.RuntimeException" message="org.apache.poi.POIXMLException: org.apache.poi.openxml4j.exceptions.InvalidFormatException: Package should contain a content type part [M1.13]">
      <![CDATA[java.lang.RuntimeException: org.apache.poi.POIXMLException: org.apache.poi.openxml4j.exceptions.InvalidFormatException: Package should contain a content type part [M1.13]
at java.base/java.util.concurrent.ThreadPoolExecutor.runWorker(ThreadPoolExecutor.java:1144)
at java.base/java.util.concurrent.ThreadPoolExecutor$Worker.run(ThreadPoolExecutor.java:642)
at java.base/java.lang.Thread.run(Thread.java:1589)
Caused by: org.apache.poi.POIXMLException: org.apache.poi.openxml4j.exceptions.InvalidFormatException: Package should contain a content type part [M1.13]
at org.apache.poi.util.PackageHelper.open(PackageHelper.java:41)
at org.apache.poi.xssf.usermodel.XSSFWorkbook.<init>(XSSFWorkbook.java:204)
at com.PageObjectModel.utilities.ExcelRead.getCellStringData(ExcelRead.java:28)
at com.PageObjectModel.Scripts.LoginTest.invalidUserValidPassword(LoginTest.java:64)
... 12 more
Caused by: org.apache.poi.openxml4j.exceptions.InvalidFormatException: Package should contain a content type part [M1.13]
at org.apache.poi.openxml4j.opc.ZipPackage.getPartsImpl(ZipPackage.java:178)
at org.apache.poi.openxml4j.opc.OPCPackage.getParts(OPCPackage.java:662)
at org.apache.poi.openxml4j.opc.OPCPackage.open(OPCPackage.java:269)
at org.apache.poi.util.PackageHelper.open(PackageHelper.java:39)
... 20 more
... Removed 15 stack frames]]>
    </failure>
  </testcase> <!-- verifySigninInvalidUserValidPassword -->
  <testcase classname="com.PageObjectModel.Base.TestBase" name="@BeforeTest beforeTest" time="0.0">
    <ignored/>
  </testcase> <!-- @BeforeTest beforeTest -->
  <testcase classname="com.PageObjectModel.Base.TestBase" name="@AfterTest afterTest" time="0.0">
    <ignored/>
  </testcase> <!-- @AfterTest afterTest -->
</testsuite> <!-- TestinParallel -->
