<?xml version="1.0" encoding="UTF-8"?>
<!-- Generated by org.testng.reporters.JUnitXMLReporter -->
<testsuite ignored="2" hostname="URMILA" failures="0" tests="12" name="Test" time="36.117" errors="0" timestamp="2023-06-21T07:35:23 IST">
  <testcase classname="com.PageObjectModel.Scripts.LoginTest" name="verifySigninInvalidUserValidPassword" time="2.731"/>
  <testcase classname="com.PageObjectModel.Scripts.LoginTest" name="verifySigninValidUserInvalidPassword" time="2.01"/>
  <testcase classname="com.PageObjectModel.Scripts.LoginTest" name="verifySigninInvalidUserInvalidPassword" time="1.707"/>
  <testcase classname="com.PageObjectModel.Scripts.LoginTest" name="verifySigninValidUserValidPassword" time="3.22"/>
  <testcase classname="com.PageObjectModel.Scripts.FlightsTest" name="checkRoundTripRadioSelectionByDefault" time="3.196">
    <skipped/>
  </testcase> <!-- checkRoundTripRadioSelectionByDefault -->
  <testcase classname="com.PageObjectModel.Scripts.FlightsTest" name="checkRoundTripRadioSelectionByDefault" time="1.078">
    <skipped/>
  </testcase> <!-- checkRoundTripRadioSelectionByDefault -->
  <testcase classname="com.PageObjectModel.Scripts.FlightsTest" name="checkRoundTripRadioSelectionByDefault" time="2.633">
    <skipped/>
  </testcase> <!-- checkRoundTripRadioSelectionByDefault -->
  <testcase classname="com.PageObjectModel.Scripts.FlightsTest" name="checkRoundTripRadioSelectionByDefault" time="2.901"/>
  <testcase classname="com.PageObjectModel.Scripts.FlightsTest" name="oneWayTripRadioSelection" time="0.043"/>
  <testcase classname="com.PageObjectModel.Scripts.FlightsTest" name="oneWayTripRadioSelectionAfterClicking" time="0.16"/>
  <testcase classname="com.PageObjectModel.Scripts.FlightsTest" name="checkpassengerDropDown" time="1.516"/>
  <testcase classname="com.PageObjectModel.Scripts.FlightsTest" name="checkFromPortDropdown" time="0.434"/>
  <testcase classname="com.PageObjectModel.Base.TestBase" name="@BeforeTest beforeTest" time="0.0">
    <ignored/>
  </testcase> <!-- @BeforeTest beforeTest -->
  <testcase classname="com.PageObjectModel.Base.TestBase" name="@AfterTest afterTest" time="0.0">
    <ignored/>
  </testcase> <!-- @AfterTest afterTest -->
</testsuite> <!-- Test -->
