<?xml version="1.0" encoding="UTF-8"?>
<!-- Generated by org.testng.reporters.JUnitXMLReporter -->
<testsuite ignored="0" hostname="URMILA" failures="0" tests="4" name="Test" time="20.244" errors="0" timestamp="2023-06-24T09:49:25 IST">
  <testcase classname="com.PageObjectModel.Scripts.LoginTest" name="verifySigninInvalidUserValidPassword" time="1.418"/>
  <testcase classname="com.PageObjectModel.Scripts.LoginTest" name="verifySigninValidUserInvalidPassword" time="1.953"/>
  <testcase classname="com.PageObjectModel.Scripts.LoginTest" name="verifySigninInvalidUserInvalidPassword" time="1.361"/>
  <testcase classname="com.PageObjectModel.Scripts.LoginTest" name="verifySigninValidUserValidPassword" time="2.466"/>
</testsuite> <!-- Test -->
