<?xml version="1.0" encoding="UTF-8"?>
<testng-results ignored="0" total="4" passed="4" failed="0" skipped="0">
  <reporter-output>
  </reporter-output>
  <suite started-at="2023-06-24T09:49:05 IST" name="Suite" finished-at="2023-06-24T09:49:25 IST" duration-ms="20244">
    <groups>
      <group name="smoke">
        <method signature="LoginTest.verifySigninInvalidUserValidPassword(java.lang.String,java.lang.String)[pri:1, instance:com.PageObjectModel.Scripts.LoginTest@4738a206]" name="verifySigninInvalidUserValidPassword" class="com.PageObjectModel.Scripts.LoginTest"/>
        <method signature="LoginTest.verifySigninValidUserInvalidPassword(java.lang.String,java.lang.String)[pri:2, instance:com.PageObjectModel.Scripts.LoginTest@4738a206]" name="verifySigninValidUserInvalidPassword" class="com.PageObjectModel.Scripts.LoginTest"/>
        <method signature="LoginTest.verifySigninInvalidUserInvalidPassword(java.lang.String,java.lang.String)[pri:3, instance:com.PageObjectModel.Scripts.LoginTest@4738a206]" name="verifySigninInvalidUserInvalidPassword" class="com.PageObjectModel.Scripts.LoginTest"/>
        <method signature="LoginTest.verifySigninValidUserValidPassword(java.lang.String,java.lang.String)[pri:4, instance:com.PageObjectModel.Scripts.LoginTest@4738a206]" name="verifySigninValidUserValidPassword" class="com.PageObjectModel.Scripts.LoginTest"/>
      </group> <!-- smoke -->
    </groups>
    <test started-at="2023-06-24T09:49:05 IST" name="Test" finished-at="2023-06-24T09:49:25 IST" duration-ms="20244">
      <class name="com.PageObjectModel.Scripts.LoginTest">
        <test-method is-config="true" signature="beforeTest(java.lang.String)[pri:0, instance:com.PageObjectModel.Scripts.LoginTest@4738a206]" started-at="2023-06-24T09:49:05 IST" name="beforeTest" finished-at="2023-06-24T09:49:16 IST" duration-ms="10910" status="PASS">
          <params>
            <param index="0">
              <value>
                <![CDATA[chrome]]>
              </value>
            </param>
          </params>
          <reporter-output>
          </reporter-output>
        </test-method> <!-- beforeTest -->
        <test-method signature="verifySigninInvalidUserValidPassword(java.lang.String,java.lang.String)[pri:1, instance:com.PageObjectModel.Scripts.LoginTest@4738a206]" started-at="2023-06-24T09:49:17 IST" name="verifySigninInvalidUserValidPassword" data-provider="invalidUserValidPassword" finished-at="2023-06-24T09:49:18 IST" duration-ms="1418" status="PASS">
          <params>
            <param index="0">
              <value>
                <![CDATA[tutor]]>
              </value>
            </param>
            <param index="1">
              <value>
                <![CDATA[two]]>
              </value>
            </param>
          </params>
          <reporter-output>
          </reporter-output>
        </test-method> <!-- verifySigninInvalidUserValidPassword -->
        <test-method is-config="true" signature="takeScreenShotOnFailure(org.testng.ITestResult)[pri:0, instance:com.PageObjectModel.Scripts.LoginTest@4738a206]" started-at="2023-06-24T09:49:18 IST" name="takeScreenShotOnFailure" finished-at="2023-06-24T09:49:18 IST" duration-ms="2" status="PASS">
          <params>
            <param index="0">
              <value>
                <![CDATA[[TestResult name=verifySigninInvalidUserValidPassword status=SUCCESS method=LoginTest.verifySigninInvalidUserValidPassword(java.lang.String,java.lang.String)[pri:1, instance:com.PageObjectModel.Scripts.LoginTest@4738a206] output={null}]]]>
              </value>
            </param>
          </params>
          <reporter-output>
          </reporter-output>
        </test-method> <!-- takeScreenShotOnFailure -->
        <test-method signature="verifySigninValidUserInvalidPassword(java.lang.String,java.lang.String)[pri:2, instance:com.PageObjectModel.Scripts.LoginTest@4738a206]" started-at="2023-06-24T09:49:18 IST" name="verifySigninValidUserInvalidPassword" data-provider="validUserInvalidPassword" finished-at="2023-06-24T09:49:20 IST" duration-ms="1953" status="PASS">
          <params>
            <param index="0">
              <value>
                <![CDATA[tutorial]]>
              </value>
            </param>
            <param index="1">
              <value>
                <![CDATA[four]]>
              </value>
            </param>
          </params>
          <reporter-output>
          </reporter-output>
        </test-method> <!-- verifySigninValidUserInvalidPassword -->
        <test-method is-config="true" signature="takeScreenShotOnFailure(org.testng.ITestResult)[pri:0, instance:com.PageObjectModel.Scripts.LoginTest@4738a206]" started-at="2023-06-24T09:49:20 IST" name="takeScreenShotOnFailure" finished-at="2023-06-24T09:49:20 IST" duration-ms="0" status="PASS">
          <params>
            <param index="0">
              <value>
                <![CDATA[[TestResult name=verifySigninValidUserInvalidPassword status=SUCCESS method=LoginTest.verifySigninValidUserInvalidPassword(java.lang.String,java.lang.String)[pri:2, instance:com.PageObjectModel.Scripts.LoginTest@4738a206] output={null}]]]>
              </value>
            </param>
          </params>
          <reporter-output>
          </reporter-output>
        </test-method> <!-- takeScreenShotOnFailure -->
        <test-method signature="verifySigninInvalidUserInvalidPassword(java.lang.String,java.lang.String)[pri:3, instance:com.PageObjectModel.Scripts.LoginTest@4738a206]" started-at="2023-06-24T09:49:20 IST" name="verifySigninInvalidUserInvalidPassword" data-provider="invalidUserInvalidPassword" finished-at="2023-06-24T09:49:22 IST" duration-ms="1361" status="PASS">
          <params>
            <param index="0">
              <value>
                <![CDATA[five]]>
              </value>
            </param>
            <param index="1">
              <value>
                <![CDATA[six]]>
              </value>
            </param>
          </params>
          <reporter-output>
          </reporter-output>
        </test-method> <!-- verifySigninInvalidUserInvalidPassword -->
        <test-method is-config="true" signature="takeScreenShotOnFailure(org.testng.ITestResult)[pri:0, instance:com.PageObjectModel.Scripts.LoginTest@4738a206]" started-at="2023-06-24T09:49:22 IST" name="takeScreenShotOnFailure" finished-at="2023-06-24T09:49:22 IST" duration-ms="1" status="PASS">
          <params>
            <param index="0">
              <value>
                <![CDATA[[TestResult name=verifySigninInvalidUserInvalidPassword status=SUCCESS method=LoginTest.verifySigninInvalidUserInvalidPassword(java.lang.String,java.lang.String)[pri:3, instance:com.PageObjectModel.Scripts.LoginTest@4738a206] output={null}]]]>
              </value>
            </param>
          </params>
          <reporter-output>
          </reporter-output>
        </test-method> <!-- takeScreenShotOnFailure -->
        <test-method signature="verifySigninValidUserValidPassword(java.lang.String,java.lang.String)[pri:4, instance:com.PageObjectModel.Scripts.LoginTest@4738a206]" started-at="2023-06-24T09:49:22 IST" name="verifySigninValidUserValidPassword" data-provider="validUserValidPassword" finished-at="2023-06-24T09:49:24 IST" duration-ms="2466" status="PASS">
          <params>
            <param index="0">
              <value>
                <![CDATA[tutorial]]>
              </value>
            </param>
            <param index="1">
              <value>
                <![CDATA[tutorial]]>
              </value>
            </param>
          </params>
          <reporter-output>
          </reporter-output>
        </test-method> <!-- verifySigninValidUserValidPassword -->
        <test-method is-config="true" signature="takeScreenShotOnFailure(org.testng.ITestResult)[pri:0, instance:com.PageObjectModel.Scripts.LoginTest@4738a206]" started-at="2023-06-24T09:49:24 IST" name="takeScreenShotOnFailure" finished-at="2023-06-24T09:49:24 IST" duration-ms="1" status="PASS">
          <params>
            <param index="0">
              <value>
                <![CDATA[[TestResult name=verifySigninValidUserValidPassword status=SUCCESS method=LoginTest.verifySigninValidUserValidPassword(java.lang.String,java.lang.String)[pri:4, instance:com.PageObjectModel.Scripts.LoginTest@4738a206] output={null}]]]>
              </value>
            </param>
          </params>
          <reporter-output>
          </reporter-output>
        </test-method> <!-- takeScreenShotOnFailure -->
        <test-method is-config="true" signature="afterTest()[pri:0, instance:com.PageObjectModel.Scripts.LoginTest@4738a206]" started-at="2023-06-24T09:49:24 IST" name="afterTest" finished-at="2023-06-24T09:49:25 IST" duration-ms="832" status="PASS">
          <reporter-output>
          </reporter-output>
        </test-method> <!-- afterTest -->
      </class> <!-- com.PageObjectModel.Scripts.LoginTest -->
    </test> <!-- Test -->
  </suite> <!-- Suite -->
</testng-results>
